<?xml version="1.0" encoding="UTF-8"?>
<testng-results ignored="0" total="0" passed="0" failed="0" skipped="0">
  <reporter-output>
  </reporter-output>
  <suite started-at="2022-01-29T19:42:21 ART" name="Default suite" finished-at="2022-01-29T19:42:21 ART" duration-ms="27">
    <groups>
    </groups>
    <test started-at="2022-01-29T19:42:21 ART" name="Default test" finished-at="2022-01-29T19:42:21 ART" duration-ms="27">
      <class name="com.webautomation.ejercicio1.AnnotationTests">
        <test-method is-config="true" signature="login()[pri:0, instance:com.webautomation.ejercicio1.AnnotationTests@1f97cf0d]" started-at="2022-01-29T19:42:21 ART" name="login" finished-at="2022-01-29T19:42:21 ART" duration-ms="10" status="PASS">
          <reporter-output>
          </reporter-output>
        </test-method> <!-- login -->
      </class> <!-- com.webautomation.ejercicio1.AnnotationTests -->
    </test> <!-- Default test -->
  </suite> <!-- Default suite -->
</testng-results>
